backside/build/intermediates/manifest_merge_blame_file/debug/manifest-merger-blame-debug-report.txt
1<?xml version="1.0" encoding="utf-8"?>
2<manifest xmlns:android="http://schemas.android.com/apk/res/android"
3    package="com.google.mlkit.vision.demo"
4    android:installLocation="auto"
5    android:versionCode="11"
6    android:versionName="1.11" >
7    <!--
8 CameraX libraries require minSdkVersion 21, while this quickstart app
9    supports low to 19. Needs to use overrideLibrary to make the merger tool
10    ignore this conflict and import the libraries while keeping the app's lower
11    minSdkVersion value. In code, will check SDK version, before calling CameraX
12    APIs.
13    -->
14    <uses-sdk
14-->src\main\AndroidManifest.xml:12:5-15:63
15        android:minSdkVersion="19"
15-->src\main\AndroidManifest.xml:12:5-15:63
16        android:targetSdkVersion="31" />
16-->src\main\AndroidManifest.xml:12:5-15:63
17
18    <uses-feature android:name="android.hardware.camera" />
18-->src\main\AndroidManifest.xml:17:5-59
18-->src\main\AndroidManifest.xml:17:19-57
19
20    <uses-permission android:name="android.permission.INTERNET" />
20-->src\main\AndroidManifest.xml:19:5-66
20-->src\main\AndroidManifest.xml:19:22-64
21    <uses-permission android:name="android.permission.WRITE_EXTERNAL_STORAGE" />
21-->src\main\AndroidManifest.xml:20:5-80
21-->src\main\AndroidManifest.xml:20:22-78
22    <uses-permission android:name="android.permission.READ_EXTERNAL_STORAGE" />
22-->src\main\AndroidManifest.xml:21:5-79
22-->src\main\AndroidManifest.xml:21:22-77
23    <uses-permission android:name="android.permission.CAMERA" />
23-->src\main\AndroidManifest.xml:22:5-64
23-->src\main\AndroidManifest.xml:22:22-62
24
25    <queries>
25-->src\main\AndroidManifest.xml:108:5-112:15
26        <intent>
26-->src\main\AndroidManifest.xml:109:9-111:18
27            <action android:name="android.media.action.IMAGE_CAPTURE" />
27-->src\main\AndroidManifest.xml:110:13-73
27-->src\main\AndroidManifest.xml:110:21-70
28        </intent>
29    </queries>
30
31    <!-- For remote config -->
32    <uses-permission android:name="android.permission.ACCESS_NETWORK_STATE" />
32-->[com.google.mlkit:pose-detection-common:18.0.0-beta2] AndroidManifest.xml:7:5-79
32-->[com.google.mlkit:pose-detection-common:18.0.0-beta2] AndroidManifest.xml:7:22-76
33    <uses-permission android:name="android.permission.WAKE_LOCK" />
33-->[androidx.work:work-runtime:2.7.0] AndroidManifest.xml:25:5-68
33-->[androidx.work:work-runtime:2.7.0] AndroidManifest.xml:25:22-65
34    <uses-permission android:name="android.permission.RECEIVE_BOOT_COMPLETED" />
34-->[androidx.work:work-runtime:2.7.0] AndroidManifest.xml:27:5-81
34-->[androidx.work:work-runtime:2.7.0] AndroidManifest.xml:27:22-78
35    <uses-permission android:name="android.permission.FOREGROUND_SERVICE" />
35-->[androidx.work:work-runtime:2.7.0] AndroidManifest.xml:28:5-77
35-->[androidx.work:work-runtime:2.7.0] AndroidManifest.xml:28:22-74
36
37    <application
37-->src\main\AndroidManifest.xml:24:5-107:19
38        android:name="androidx.multidex.MultiDexApplication"
38-->src\main\AndroidManifest.xml:25:9-61
39        android:appComponentFactory="androidx.core.app.CoreComponentFactory"
39-->[androidx.core:core:1.6.0] AndroidManifest.xml:24:18-86
40        android:debuggable="true"
41        android:icon="@drawable/logo1"
41-->src\main\AndroidManifest.xml:26:9-39
42        android:label="Fitness Made Fun"
42-->src\main\AndroidManifest.xml:27:9-41
43        android:testOnly="true"
44        android:theme="@style/Theme.AppCompat" >
44-->src\main\AndroidManifest.xml:28:9-47
45        <meta-data
45-->src\main\AndroidManifest.xml:30:9-32:68
46            android:name="com.google.android.gms.version"
46-->src\main\AndroidManifest.xml:31:13-58
47            android:value="@integer/google_play_services_version" />
47-->src\main\AndroidManifest.xml:32:13-66
48
49        <!--
50          Optional: Add it to automatically download ML model to device after
51          your app is installed.
52        -->
53        <meta-data
53-->src\main\AndroidManifest.xml:36:9-38:62
54            android:name="com.google.mlkit.vision.DEPENDENCIES"
54-->src\main\AndroidManifest.xml:37:13-64
55            android:value="barcode,face,ocr,ica,custom_ica" />
55-->src\main\AndroidManifest.xml:38:13-60
56
57        <activity
57-->src\main\AndroidManifest.xml:40:9-48:20
58            android:name="com.google.mlkit.vision.demo.EntryChoiceActivity"
58-->src\main\AndroidManifest.xml:41:13-48
59            android:exported="true"
59-->src\main\AndroidManifest.xml:42:13-36
60            android:theme="@style/AppTheme" >
60-->src\main\AndroidManifest.xml:43:13-44
61            <intent-filter>
61-->src\main\AndroidManifest.xml:44:13-47:29
62                <action android:name="android.intent.action.MAIN" />
62-->src\main\AndroidManifest.xml:45:17-68
62-->src\main\AndroidManifest.xml:45:25-66
63
64                <category android:name="android.intent.category.LAUNCHER" />
64-->src\main\AndroidManifest.xml:46:17-76
64-->src\main\AndroidManifest.xml:46:27-74
65            </intent-filter>
66        </activity>
67        <activity
67-->src\main\AndroidManifest.xml:50:9-53:20
68            android:name="com.google.mlkit.vision.demo.java.ChooserActivity"
68-->src\main\AndroidManifest.xml:51:13-49
69            android:exported="false" >
69-->src\main\AndroidManifest.xml:52:13-37
70        </activity>
71        <activity
71-->src\main\AndroidManifest.xml:55:9-59:20
72            android:name="com.google.mlkit.vision.demo.java.LivePreviewActivity"
72-->src\main\AndroidManifest.xml:56:13-53
73            android:exported="false"
73-->src\main\AndroidManifest.xml:57:13-37
74            android:theme="@style/AppTheme" >
74-->src\main\AndroidManifest.xml:58:13-44
75        </activity>
76        <activity
76-->src\main\AndroidManifest.xml:61:9-65:20
77            android:name="com.google.mlkit.vision.demo.java.CameraXLivePreviewActivity"
77-->src\main\AndroidManifest.xml:62:13-60
78            android:exported="false"
78-->src\main\AndroidManifest.xml:63:13-37
79            android:theme="@style/AppTheme" >
79-->src\main\AndroidManifest.xml:64:13-44
80        </activity>
81        <activity
81-->src\main\AndroidManifest.xml:67:9-71:20
82            android:name="com.google.mlkit.vision.demo.java.CameraXSourceDemoActivity"
82-->src\main\AndroidManifest.xml:68:13-59
83            android:exported="false"
83-->src\main\AndroidManifest.xml:69:13-37
84            android:theme="@style/AppTheme" >
84-->src\main\AndroidManifest.xml:70:13-44
85        </activity>
86        <activity
86-->src\main\AndroidManifest.xml:74:9-77:20
87            android:name="com.google.mlkit.vision.demo.kotlin.ChooserActivity"
87-->src\main\AndroidManifest.xml:75:13-51
88            android:exported="false" >
88-->src\main\AndroidManifest.xml:76:13-37
89        </activity>
90        <activity
90-->src\main\AndroidManifest.xml:79:9-83:20
91            android:name="com.google.mlkit.vision.demo.kotlin.LivePreviewActivity"
91-->src\main\AndroidManifest.xml:80:13-55
92            android:exported="false"
92-->src\main\AndroidManifest.xml:81:13-37
93            android:theme="@style/AppTheme" >
93-->src\main\AndroidManifest.xml:82:13-44
94        </activity>
95        <activity
95-->src\main\AndroidManifest.xml:85:9-89:20
96            android:name="com.google.mlkit.vision.demo.kotlin.CameraXLivePreviewActivity"
96-->src\main\AndroidManifest.xml:86:13-62
97            android:exported="false"
97-->src\main\AndroidManifest.xml:87:13-37
98            android:theme="@style/AppTheme" >
98-->src\main\AndroidManifest.xml:88:13-44
99        </activity>
100        <activity
100-->src\main\AndroidManifest.xml:91:9-95:20
101            android:name="com.google.mlkit.vision.demo.kotlin.CameraXSourceDemoActivity"
101-->src\main\AndroidManifest.xml:92:13-61
102            android:exported="false"
102-->src\main\AndroidManifest.xml:93:13-37
103            android:theme="@style/AppTheme" >
103-->src\main\AndroidManifest.xml:94:13-44
104        </activity>
105        <activity
105-->src\main\AndroidManifest.xml:97:9-101:20
106            android:name="com.google.mlkit.vision.demo.kotlin.StillImageActivity"
106-->src\main\AndroidManifest.xml:98:13-54
107            android:exported="false"
107-->src\main\AndroidManifest.xml:99:13-37
108            android:theme="@style/AppTheme" >
108-->src\main\AndroidManifest.xml:100:13-44
109        </activity>
110        <activity
110-->src\main\AndroidManifest.xml:103:9-105:39
111            android:name="com.google.mlkit.vision.demo.preference.SettingsActivity"
111-->src\main\AndroidManifest.xml:104:13-56
112            android:exported="false" />
112-->src\main\AndroidManifest.xml:105:13-37
113
114        <!--
115             Required for ML Kit Pose Detection GPU acceleration. Applications that target Android
116             S+ require explicit declaration of any referenced vendor-provided libraries.
117        -->
118        <uses-native-library
118-->[com.google.mlkit:pose-detection-common:18.0.0-beta2] AndroidManifest.xml:16:9-18:40
119            android:name="libOpenCL.so"
119-->[com.google.mlkit:pose-detection-common:18.0.0-beta2] AndroidManifest.xml:17:13-40
120            android:required="false" />
120-->[com.google.mlkit:pose-detection-common:18.0.0-beta2] AndroidManifest.xml:18:13-37
121        <uses-native-library
121-->[com.google.mlkit:pose-detection-common:18.0.0-beta2] AndroidManifest.xml:16:9-18:40
122            android:name="libOpenCL-car.so"
122-->[com.google.mlkit:pose-detection-common:18.0.0-beta2] AndroidManifest.xml:17:13-40
123            android:required="false" />
123-->[com.google.mlkit:pose-detection-common:18.0.0-beta2] AndroidManifest.xml:18:13-37
124        <uses-native-library
124-->[com.google.mlkit:pose-detection-common:18.0.0-beta2] AndroidManifest.xml:16:9-18:40
125            android:name="libOpenCL-pixel.so"
125-->[com.google.mlkit:pose-detection-common:18.0.0-beta2] AndroidManifest.xml:17:13-40
126            android:required="false" />
126-->[com.google.mlkit:pose-detection-common:18.0.0-beta2] AndroidManifest.xml:18:13-37
127
128        <service
128-->[com.google.mlkit:pose-detection-common:18.0.0-beta2] AndroidManifest.xml:26:9-32:19
129            android:name="com.google.mlkit.common.internal.MlKitComponentDiscoveryService"
129-->[com.google.mlkit:pose-detection-common:18.0.0-beta2] AndroidManifest.xml:27:13-91
130            android:directBootAware="true"
130-->[com.google.mlkit:common:18.1.0] AndroidManifest.xml:17:13-43
131            android:exported="false" >
131-->[com.google.mlkit:pose-detection-common:18.0.0-beta2] AndroidManifest.xml:28:13-37
132            <meta-data
132-->[com.google.mlkit:pose-detection-common:18.0.0-beta2] AndroidManifest.xml:29:13-31:85
133                android:name="com.google.firebase.components:com.google.mlkit.vision.pose.internal.PoseRegistrar"
133-->[com.google.mlkit:pose-detection-common:18.0.0-beta2] AndroidManifest.xml:30:17-114
134                android:value="com.google.firebase.components.ComponentRegistrar" />
134-->[com.google.mlkit:pose-detection-common:18.0.0-beta2] AndroidManifest.xml:31:17-82
135            <meta-data
135-->[com.google.mlkit:object-detection:17.0.0] AndroidManifest.xml:14:13-16:85
136                android:name="com.google.firebase.components:com.google.mlkit.vision.objects.defaults.internal.DefaultObjectsRegistrar"
136-->[com.google.mlkit:object-detection:17.0.0] AndroidManifest.xml:15:17-136
137                android:value="com.google.firebase.components.ComponentRegistrar" />
137-->[com.google.mlkit:object-detection:17.0.0] AndroidManifest.xml:16:17-82
138            <meta-data
138-->[com.google.mlkit:object-detection-custom:17.0.0] AndroidManifest.xml:11:13-13:85
139                android:name="com.google.firebase.components:com.google.mlkit.vision.objects.custom.internal.CustomObjectsRegistrar"
139-->[com.google.mlkit:object-detection-custom:17.0.0] AndroidManifest.xml:12:17-133
140                android:value="com.google.firebase.components.ComponentRegistrar" />
140-->[com.google.mlkit:object-detection-custom:17.0.0] AndroidManifest.xml:13:17-82
141            <meta-data
141-->[com.google.mlkit:image-labeling:17.0.7] AndroidManifest.xml:11:13-13:85
142                android:name="com.google.firebase.components:com.google.mlkit.vision.label.defaults.internal.BundledLabelRegistrar"
142-->[com.google.mlkit:image-labeling:17.0.7] AndroidManifest.xml:12:17-132
143                android:value="com.google.firebase.components.ComponentRegistrar" />
143-->[com.google.mlkit:image-labeling:17.0.7] AndroidManifest.xml:13:17-82
144            <meta-data
144-->[com.google.mlkit:image-labeling-custom:17.0.1] AndroidManifest.xml:11:13-13:85
145                android:name="com.google.firebase.components:com.google.mlkit.vision.label.custom.internal.CustomLabelRegistrar"
145-->[com.google.mlkit:image-labeling-custom:17.0.1] AndroidManifest.xml:12:17-129
146                android:value="com.google.firebase.components.ComponentRegistrar" />
146-->[com.google.mlkit:image-labeling-custom:17.0.1] AndroidManifest.xml:13:17-82
147            <meta-data
147-->[com.google.mlkit:segmentation-selfie:16.0.0-beta4] AndroidManifest.xml:12:13-14:85
148                android:name="com.google.firebase.components:com.google.mlkit.vision.segmentation.internal.SegmentationRegistrar"
148-->[com.google.mlkit:segmentation-selfie:16.0.0-beta4] AndroidManifest.xml:13:17-130
149                android:value="com.google.firebase.components.ComponentRegistrar" />
149-->[com.google.mlkit:segmentation-selfie:16.0.0-beta4] AndroidManifest.xml:14:17-82
150            <meta-data
150-->[com.google.android.gms:play-services-mlkit-barcode-scanning:18.0.0] AndroidManifest.xml:12:13-14:85
151                android:name="com.google.firebase.components:com.google.mlkit.vision.barcode.internal.BarcodeRegistrar"
151-->[com.google.android.gms:play-services-mlkit-barcode-scanning:18.0.0] AndroidManifest.xml:13:17-120
152                android:value="com.google.firebase.components.ComponentRegistrar" />
152-->[com.google.android.gms:play-services-mlkit-barcode-scanning:18.0.0] AndroidManifest.xml:14:17-82
153            <meta-data
153-->[com.google.mlkit:vision-internal-vkp:18.2.2] AndroidManifest.xml:14:13-16:85
154                android:name="com.google.firebase.components:com.google.mlkit.vision.vkp.VkpRegistrar"
154-->[com.google.mlkit:vision-internal-vkp:18.2.2] AndroidManifest.xml:15:17-103
155                android:value="com.google.firebase.components.ComponentRegistrar" />
155-->[com.google.mlkit:vision-internal-vkp:18.2.2] AndroidManifest.xml:16:17-82
156            <meta-data
156-->[com.google.android.gms:play-services-mlkit-face-detection:17.0.1] AndroidManifest.xml:12:13-14:85
157                android:name="com.google.firebase.components:com.google.mlkit.vision.face.internal.FaceRegistrar"
157-->[com.google.android.gms:play-services-mlkit-face-detection:17.0.1] AndroidManifest.xml:13:17-114
158                android:value="com.google.firebase.components.ComponentRegistrar" />
158-->[com.google.android.gms:play-services-mlkit-face-detection:17.0.1] AndroidManifest.xml:14:17-82
159            <meta-data
159-->[com.google.android.gms:play-services-mlkit-text-recognition-common:17.0.0] AndroidManifest.xml:12:13-14:85
160                android:name="com.google.firebase.components:com.google.mlkit.vision.text.internal.TextRegistrar"
160-->[com.google.android.gms:play-services-mlkit-text-recognition-common:17.0.0] AndroidManifest.xml:13:17-114
161                android:value="com.google.firebase.components.ComponentRegistrar" />
161-->[com.google.android.gms:play-services-mlkit-text-recognition-common:17.0.0] AndroidManifest.xml:14:17-82
162            <meta-data
162-->[com.google.mlkit:vision-common:17.1.0] AndroidManifest.xml:12:13-14:85
163                android:name="com.google.firebase.components:com.google.mlkit.vision.common.internal.VisionCommonRegistrar"
163-->[com.google.mlkit:vision-common:17.1.0] AndroidManifest.xml:13:17-124
164                android:value="com.google.firebase.components.ComponentRegistrar" />
164-->[com.google.mlkit:vision-common:17.1.0] AndroidManifest.xml:14:17-82
165            <meta-data
165-->[com.google.mlkit:common:18.1.0] AndroidManifest.xml:20:13-22:85
166                android:name="com.google.firebase.components:com.google.mlkit.common.internal.CommonComponentRegistrar"
166-->[com.google.mlkit:common:18.1.0] AndroidManifest.xml:21:17-120
167                android:value="com.google.firebase.components.ComponentRegistrar" />
167-->[com.google.mlkit:common:18.1.0] AndroidManifest.xml:22:17-82
168        </service>
169        <service
169-->[com.google.mlkit:acceleration:16.0.0-beta1] AndroidManifest.xml:8:9-11:68
170            android:name="com.google.mlkit.acceleration.internal.MlKitRemoteWorkerService"
170-->[com.google.mlkit:acceleration:16.0.0-beta1] AndroidManifest.xml:9:13-91
171            android:exported="false"
171-->[com.google.mlkit:acceleration:16.0.0-beta1] AndroidManifest.xml:10:13-37
172            android:process=":mlkit_acceleration_mini_benchmark" />
172-->[com.google.mlkit:acceleration:16.0.0-beta1] AndroidManifest.xml:11:13-65
173        <service
173-->[androidx.work:work-multiprocess:2.7.0] AndroidManifest.xml:25:9-27:40
174            android:name="androidx.work.multiprocess.RemoteWorkManagerService"
174-->[androidx.work:work-multiprocess:2.7.0] AndroidManifest.xml:26:13-79
175            android:exported="false" />
175-->[androidx.work:work-multiprocess:2.7.0] AndroidManifest.xml:27:13-37
176
177        <provider
177-->[com.google.mlkit:common:18.1.0] AndroidManifest.xml:9:9-13:38
178            android:name="com.google.mlkit.common.internal.MlKitInitProvider"
178-->[com.google.mlkit:common:18.1.0] AndroidManifest.xml:10:13-78
179            android:authorities="com.google.mlkit.vision.demo.mlkitinitprovider"
179-->[com.google.mlkit:common:18.1.0] AndroidManifest.xml:11:13-69
180            android:exported="false"
180-->[com.google.mlkit:common:18.1.0] AndroidManifest.xml:12:13-37
181            android:initOrder="99" />
181-->[com.google.mlkit:common:18.1.0] AndroidManifest.xml:13:13-35
182
183        <activity
183-->[com.google.android.gms:play-services-base:18.0.1] AndroidManifest.xml:20:9-22:45
184            android:name="com.google.android.gms.common.api.GoogleApiActivity"
184-->[com.google.android.gms:play-services-base:18.0.1] AndroidManifest.xml:20:19-85
185            android:exported="false"
185-->[com.google.android.gms:play-services-base:18.0.1] AndroidManifest.xml:22:19-43
186            android:theme="@android:style/Theme.Translucent.NoTitleBar" />
186-->[com.google.android.gms:play-services-base:18.0.1] AndroidManifest.xml:21:19-78
187
188        <provider
188-->[androidx.work:work-runtime:2.7.0] AndroidManifest.xml:31:9-39:20
189            android:name="androidx.startup.InitializationProvider"
189-->[androidx.work:work-runtime:2.7.0] AndroidManifest.xml:32:13-67
190            android:authorities="com.google.mlkit.vision.demo.androidx-startup"
190-->[androidx.work:work-runtime:2.7.0] AndroidManifest.xml:33:13-68
191            android:exported="false" >
191-->[androidx.work:work-runtime:2.7.0] AndroidManifest.xml:34:13-37
192            <meta-data
192-->[androidx.work:work-runtime:2.7.0] AndroidManifest.xml:36:13-38:52
193                android:name="androidx.work.WorkManagerInitializer"
193-->[androidx.work:work-runtime:2.7.0] AndroidManifest.xml:37:17-68
194                android:value="androidx.startup" />
194-->[androidx.work:work-runtime:2.7.0] AndroidManifest.xml:38:17-49
195        </provider>
196
197        <service
197-->[androidx.work:work-runtime:2.7.0] AndroidManifest.xml:41:9-46:35
198            android:name="androidx.work.impl.background.systemalarm.SystemAlarmService"
198-->[androidx.work:work-runtime:2.7.0] AndroidManifest.xml:42:13-88
199            android:directBootAware="false"
199-->[androidx.work:work-runtime:2.7.0] AndroidManifest.xml:43:13-44
200            android:enabled="@bool/enable_system_alarm_service_default"
200-->[androidx.work:work-runtime:2.7.0] AndroidManifest.xml:44:13-72
201            android:exported="false" />
201-->[androidx.work:work-runtime:2.7.0] AndroidManifest.xml:45:13-37
202        <service
202-->[androidx.work:work-runtime:2.7.0] AndroidManifest.xml:47:9-53:35
203            android:name="androidx.work.impl.background.systemjob.SystemJobService"
203-->[androidx.work:work-runtime:2.7.0] AndroidManifest.xml:48:13-84
204            android:directBootAware="false"
204-->[androidx.work:work-runtime:2.7.0] AndroidManifest.xml:49:13-44
205            android:enabled="@bool/enable_system_job_service_default"
205-->[androidx.work:work-runtime:2.7.0] AndroidManifest.xml:50:13-70
206            android:exported="true"
206-->[androidx.work:work-runtime:2.7.0] AndroidManifest.xml:51:13-36
207            android:permission="android.permission.BIND_JOB_SERVICE" />
207-->[androidx.work:work-runtime:2.7.0] AndroidManifest.xml:52:13-69
208        <service
208-->[androidx.work:work-runtime:2.7.0] AndroidManifest.xml:54:9-59:35
209            android:name="androidx.work.impl.foreground.SystemForegroundService"
209-->[androidx.work:work-runtime:2.7.0] AndroidManifest.xml:55:13-81
210            android:directBootAware="false"
210-->[androidx.work:work-runtime:2.7.0] AndroidManifest.xml:56:13-44
211            android:enabled="@bool/enable_system_foreground_service_default"
211-->[androidx.work:work-runtime:2.7.0] AndroidManifest.xml:57:13-77
212            android:exported="false" />
212-->[androidx.work:work-runtime:2.7.0] AndroidManifest.xml:58:13-37
213
214        <receiver
214-->[androidx.work:work-runtime:2.7.0] AndroidManifest.xml:61:9-66:35
215            android:name="androidx.work.impl.utils.ForceStopRunnable$BroadcastReceiver"
215-->[androidx.work:work-runtime:2.7.0] AndroidManifest.xml:62:13-88
216            android:directBootAware="false"
216-->[androidx.work:work-runtime:2.7.0] AndroidManifest.xml:63:13-44
217            android:enabled="true"
217-->[androidx.work:work-runtime:2.7.0] AndroidManifest.xml:64:13-35
218            android:exported="false" />
218-->[androidx.work:work-runtime:2.7.0] AndroidManifest.xml:65:13-37
219        <receiver
219-->[androidx.work:work-runtime:2.7.0] AndroidManifest.xml:67:9-77:20
220            android:name="androidx.work.impl.background.systemalarm.ConstraintProxy$BatteryChargingProxy"
220-->[androidx.work:work-runtime:2.7.0] AndroidManifest.xml:68:13-106
221            android:directBootAware="false"
221-->[androidx.work:work-runtime:2.7.0] AndroidManifest.xml:69:13-44
222            android:enabled="false"
222-->[androidx.work:work-runtime:2.7.0] AndroidManifest.xml:70:13-36
223            android:exported="false" >
223-->[androidx.work:work-runtime:2.7.0] AndroidManifest.xml:71:13-37
224            <intent-filter>
224-->[androidx.work:work-runtime:2.7.0] AndroidManifest.xml:73:13-76:29
225                <action android:name="android.intent.action.ACTION_POWER_CONNECTED" />
225-->[androidx.work:work-runtime:2.7.0] AndroidManifest.xml:74:17-87
225-->[androidx.work:work-runtime:2.7.0] AndroidManifest.xml:74:25-84
226                <action android:name="android.intent.action.ACTION_POWER_DISCONNECTED" />
226-->[androidx.work:work-runtime:2.7.0] AndroidManifest.xml:75:17-90
226-->[androidx.work:work-runtime:2.7.0] AndroidManifest.xml:75:25-87
227            </intent-filter>
228        </receiver>
229        <receiver
229-->[androidx.work:work-runtime:2.7.0] AndroidManifest.xml:78:9-88:20
230            android:name="androidx.work.impl.background.systemalarm.ConstraintProxy$BatteryNotLowProxy"
230-->[androidx.work:work-runtime:2.7.0] AndroidManifest.xml:79:13-104
231            android:directBootAware="false"
231-->[androidx.work:work-runtime:2.7.0] AndroidManifest.xml:80:13-44
232            android:enabled="false"
232-->[androidx.work:work-runtime:2.7.0] AndroidManifest.xml:81:13-36
233            android:exported="false" >
233-->[androidx.work:work-runtime:2.7.0] AndroidManifest.xml:82:13-37
234            <intent-filter>
234-->[androidx.work:work-runtime:2.7.0] AndroidManifest.xml:84:13-87:29
235                <action android:name="android.intent.action.BATTERY_OKAY" />
235-->[androidx.work:work-runtime:2.7.0] AndroidManifest.xml:85:17-77
235-->[androidx.work:work-runtime:2.7.0] AndroidManifest.xml:85:25-74
236                <action android:name="android.intent.action.BATTERY_LOW" />
236-->[androidx.work:work-runtime:2.7.0] AndroidManifest.xml:86:17-76
236-->[androidx.work:work-runtime:2.7.0] AndroidManifest.xml:86:25-73
237            </intent-filter>
238        </receiver>
239        <receiver
239-->[androidx.work:work-runtime:2.7.0] AndroidManifest.xml:89:9-99:20
240            android:name="androidx.work.impl.background.systemalarm.ConstraintProxy$StorageNotLowProxy"
240-->[androidx.work:work-runtime:2.7.0] AndroidManifest.xml:90:13-104
241            android:directBootAware="false"
241-->[androidx.work:work-runtime:2.7.0] AndroidManifest.xml:91:13-44
242            android:enabled="false"
242-->[androidx.work:work-runtime:2.7.0] AndroidManifest.xml:92:13-36
243            android:exported="false" >
243-->[androidx.work:work-runtime:2.7.0] AndroidManifest.xml:93:13-37
244            <intent-filter>
244-->[androidx.work:work-runtime:2.7.0] AndroidManifest.xml:95:13-98:29
245                <action android:name="android.intent.action.DEVICE_STORAGE_LOW" />
245-->[androidx.work:work-runtime:2.7.0] AndroidManifest.xml:96:17-83
245-->[androidx.work:work-runtime:2.7.0] AndroidManifest.xml:96:25-80
246                <action android:name="android.intent.action.DEVICE_STORAGE_OK" />
246-->[androidx.work:work-runtime:2.7.0] AndroidManifest.xml:97:17-82
246-->[androidx.work:work-runtime:2.7.0] AndroidManifest.xml:97:25-79
247            </intent-filter>
248        </receiver>
249        <receiver
249-->[androidx.work:work-runtime:2.7.0] AndroidManifest.xml:100:9-109:20
250            android:name="androidx.work.impl.background.systemalarm.ConstraintProxy$NetworkStateProxy"
250-->[androidx.work:work-runtime:2.7.0] AndroidManifest.xml:101:13-103
251            android:directBootAware="false"
251-->[androidx.work:work-runtime:2.7.0] AndroidManifest.xml:102:13-44
252            android:enabled="false"
252-->[androidx.work:work-runtime:2.7.0] AndroidManifest.xml:103:13-36
253            android:exported="false" >
253-->[androidx.work:work-runtime:2.7.0] AndroidManifest.xml:104:13-37
254            <intent-filter>
254-->[androidx.work:work-runtime:2.7.0] AndroidManifest.xml:106:13-108:29
255                <action android:name="android.net.conn.CONNECTIVITY_CHANGE" />
255-->[androidx.work:work-runtime:2.7.0] AndroidManifest.xml:107:17-79
255-->[androidx.work:work-runtime:2.7.0] AndroidManifest.xml:107:25-76
256            </intent-filter>
257        </receiver>
258        <receiver
258-->[androidx.work:work-runtime:2.7.0] AndroidManifest.xml:110:9-121:20
259            android:name="androidx.work.impl.background.systemalarm.RescheduleReceiver"
259-->[androidx.work:work-runtime:2.7.0] AndroidManifest.xml:111:13-88
260            android:directBootAware="false"
260-->[androidx.work:work-runtime:2.7.0] AndroidManifest.xml:112:13-44
261            android:enabled="false"
261-->[androidx.work:work-runtime:2.7.0] AndroidManifest.xml:113:13-36
262            android:exported="false" >
262-->[androidx.work:work-runtime:2.7.0] AndroidManifest.xml:114:13-37
263            <intent-filter>
263-->[androidx.work:work-runtime:2.7.0] AndroidManifest.xml:116:13-120:29
264                <action android:name="android.intent.action.BOOT_COMPLETED" />
264-->[androidx.work:work-runtime:2.7.0] AndroidManifest.xml:117:17-79
264-->[androidx.work:work-runtime:2.7.0] AndroidManifest.xml:117:25-76
265                <action android:name="android.intent.action.TIME_SET" />
265-->[androidx.work:work-runtime:2.7.0] AndroidManifest.xml:118:17-73
265-->[androidx.work:work-runtime:2.7.0] AndroidManifest.xml:118:25-70
266                <action android:name="android.intent.action.TIMEZONE_CHANGED" />
266-->[androidx.work:work-runtime:2.7.0] AndroidManifest.xml:119:17-81
266-->[androidx.work:work-runtime:2.7.0] AndroidManifest.xml:119:25-78
267            </intent-filter>
268        </receiver>
269        <receiver
269-->[androidx.work:work-runtime:2.7.0] AndroidManifest.xml:122:9-131:20
270            android:name="androidx.work.impl.background.systemalarm.ConstraintProxyUpdateReceiver"
270-->[androidx.work:work-runtime:2.7.0] AndroidManifest.xml:123:13-99
271            android:directBootAware="false"
271-->[androidx.work:work-runtime:2.7.0] AndroidManifest.xml:124:13-44
272            android:enabled="@bool/enable_system_alarm_service_default"
272-->[androidx.work:work-runtime:2.7.0] AndroidManifest.xml:125:13-72
273            android:exported="false" >
273-->[androidx.work:work-runtime:2.7.0] AndroidManifest.xml:126:13-37
274            <intent-filter>
274-->[androidx.work:work-runtime:2.7.0] AndroidManifest.xml:128:13-130:29
275                <action android:name="androidx.work.impl.background.systemalarm.UpdateProxies" />
275-->[androidx.work:work-runtime:2.7.0] AndroidManifest.xml:129:17-98
275-->[androidx.work:work-runtime:2.7.0] AndroidManifest.xml:129:25-95
276            </intent-filter>
277        </receiver>
278        <receiver
278-->[androidx.work:work-runtime:2.7.0] AndroidManifest.xml:132:9-142:20
279            android:name="androidx.work.impl.diagnostics.DiagnosticsReceiver"
279-->[androidx.work:work-runtime:2.7.0] AndroidManifest.xml:133:13-78
280            android:directBootAware="false"
280-->[androidx.work:work-runtime:2.7.0] AndroidManifest.xml:134:13-44
281            android:enabled="true"
281-->[androidx.work:work-runtime:2.7.0] AndroidManifest.xml:135:13-35
282            android:exported="true"